  Fasil.cpp
C:\Users\tilish\source\repos\FasiledesGimb\FasiledesGimb\Fasil.cpp(26,1): warning C4305: 'initializing': truncation from 'double' to 'GLfloat'
C:\Users\tilish\source\repos\FasiledesGimb\FasiledesGimb\Fasil.cpp(32,1): warning C4305: 'initializing': truncation from 'double' to 'GLfloat'
C:\Users\tilish\source\repos\FasiledesGimb\FasiledesGimb\Fasil.cpp(70,15): warning C4305: '+=': truncation from 'double' to 'float'
C:\Users\tilish\source\repos\FasiledesGimb\FasiledesGimb\Fasil.cpp(71,15): warning C4305: '+=': truncation from 'double' to 'float'
C:\Users\tilish\source\repos\FasiledesGimb\FasiledesGimb\Fasil.cpp(76,15): warning C4305: '+=': truncation from 'double' to 'float'
C:\Users\tilish\source\repos\FasiledesGimb\FasiledesGimb\Fasil.cpp(77,15): warning C4305: '-=': truncation from 'double' to 'float'
C:\Users\tilish\source\repos\FasiledesGimb\FasiledesGimb\Fasil.cpp(94,14): warning C4305: '-=': truncation from 'double' to 'float'
C:\Users\tilish\source\repos\FasiledesGimb\FasiledesGimb\Fasil.cpp(95,14): warning C4305: '-=': truncation from 'double' to 'float'
C:\Users\tilish\source\repos\FasiledesGimb\FasiledesGimb\Fasil.cpp(96,14): warning C4305: '-=': truncation from 'double' to 'float'
C:\Users\tilish\source\repos\FasiledesGimb\FasiledesGimb\Fasil.cpp(97,14): warning C4305: '-=': truncation from 'double' to 'float'
C:\Users\tilish\source\repos\FasiledesGimb\FasiledesGimb\Fasil.cpp(103,14): warning C4305: '-=': truncation from 'double' to 'float'
C:\Users\tilish\source\repos\FasiledesGimb\FasiledesGimb\Fasil.cpp(104,15): warning C4305: '-=': truncation from 'double' to 'float'
C:\Users\tilish\source\repos\FasiledesGimb\FasiledesGimb\Fasil.cpp(106,14): warning C4305: '-=': truncation from 'double' to 'float'
C:\Users\tilish\source\repos\FasiledesGimb\FasiledesGimb\Fasil.cpp(107,15): warning C4305: '-=': truncation from 'double' to 'float'
C:\Users\tilish\source\repos\FasiledesGimb\FasiledesGimb\Fasil.cpp(112,14): warning C4305: '+=': truncation from 'double' to 'float'
C:\Users\tilish\source\repos\FasiledesGimb\FasiledesGimb\Fasil.cpp(113,15): warning C4305: '-=': truncation from 'double' to 'float'
C:\Users\tilish\source\repos\FasiledesGimb\FasiledesGimb\Fasil.cpp(114,14): warning C4305: '+=': truncation from 'double' to 'float'
C:\Users\tilish\source\repos\FasiledesGimb\FasiledesGimb\Fasil.cpp(115,15): warning C4305: '-=': truncation from 'double' to 'float'
C:\Users\tilish\source\repos\FasiledesGimb\FasiledesGimb\Fasil.cpp(147,23): warning C4305: 'argument': truncation from 'double' to 'GLfloat'
C:\Users\tilish\source\repos\FasiledesGimb\FasiledesGimb\Fasil.cpp(149,23): warning C4305: 'argument': truncation from 'double' to 'GLfloat'
C:\Users\tilish\source\repos\FasiledesGimb\FasiledesGimb\Fasil.cpp(224,25): warning C4305: 'argument': truncation from 'double' to 'GLfloat'
C:\Users\tilish\source\repos\FasiledesGimb\FasiledesGimb\Fasil.cpp(236,32): warning C4305: 'argument': truncation from 'double' to 'GLfloat'
C:\Users\tilish\source\repos\FasiledesGimb\FasiledesGimb\Fasil.cpp(261,32): warning C4305: 'argument': truncation from 'double' to 'GLfloat'
C:\Users\tilish\source\repos\FasiledesGimb\FasiledesGimb\Fasil.cpp(286,32): warning C4305: 'argument': truncation from 'double' to 'GLfloat'
C:\Users\tilish\source\repos\FasiledesGimb\FasiledesGimb\Fasil.cpp(311,32): warning C4305: 'argument': truncation from 'double' to 'GLfloat'
C:\Users\tilish\source\repos\FasiledesGimb\FasiledesGimb\Fasil.cpp(336,32): warning C4305: 'argument': truncation from 'double' to 'GLfloat'
C:\Users\tilish\source\repos\FasiledesGimb\FasiledesGimb\Fasil.cpp(368,32): warning C4305: 'argument': truncation from 'double' to 'GLfloat'
C:\Users\tilish\source\repos\FasiledesGimb\FasiledesGimb\Fasil.cpp(374,25): warning C4305: 'argument': truncation from 'double' to 'GLfloat'
C:\Users\tilish\source\repos\FasiledesGimb\FasiledesGimb\Fasil.cpp(385,25): warning C4305: 'argument': truncation from 'double' to 'GLfloat'
C:\Users\tilish\source\repos\FasiledesGimb\FasiledesGimb\Fasil.cpp(396,25): warning C4305: 'argument': truncation from 'double' to 'GLfloat'
C:\Users\tilish\source\repos\FasiledesGimb\FasiledesGimb\Fasil.cpp(407,25): warning C4305: 'argument': truncation from 'double' to 'GLfloat'
C:\Users\tilish\source\repos\FasiledesGimb\FasiledesGimb\Fasil.cpp(418,25): warning C4305: 'argument': truncation from 'double' to 'GLfloat'
C:\Users\tilish\source\repos\FasiledesGimb\FasiledesGimb\Fasil.cpp(429,25): warning C4305: 'argument': truncation from 'double' to 'GLfloat'
C:\Users\tilish\source\repos\FasiledesGimb\FasiledesGimb\Fasil.cpp(440,25): warning C4305: 'argument': truncation from 'double' to 'GLfloat'
C:\Users\tilish\source\repos\FasiledesGimb\FasiledesGimb\Fasil.cpp(451,25): warning C4305: 'argument': truncation from 'double' to 'GLfloat'
C:\Users\tilish\source\repos\FasiledesGimb\FasiledesGimb\Fasil.cpp(462,25): warning C4305: 'argument': truncation from 'double' to 'GLfloat'
C:\Users\tilish\source\repos\FasiledesGimb\FasiledesGimb\Fasil.cpp(469,25): warning C4305: 'argument': truncation from 'double' to 'GLfloat'
C:\Users\tilish\source\repos\FasiledesGimb\FasiledesGimb\Fasil.cpp(475,25): warning C4305: 'argument': truncation from 'double' to 'GLfloat'
C:\Users\tilish\source\repos\FasiledesGimb\FasiledesGimb\Fasil.cpp(481,25): warning C4305: 'argument': truncation from 'double' to 'GLfloat'
C:\Users\tilish\source\repos\FasiledesGimb\FasiledesGimb\Fasil.cpp(487,25): warning C4305: 'argument': truncation from 'double' to 'GLfloat'
C:\Users\tilish\source\repos\FasiledesGimb\FasiledesGimb\Fasil.cpp(533,29): warning C4305: 'argument': truncation from 'double' to 'GLfloat'
C:\Users\tilish\source\repos\FasiledesGimb\FasiledesGimb\Fasil.cpp(539,31): warning C4305: 'argument': truncation from 'double' to 'GLfloat'
C:\Users\tilish\source\repos\FasiledesGimb\FasiledesGimb\Fasil.cpp(545,31): warning C4305: 'argument': truncation from 'double' to 'GLfloat'
C:\Users\tilish\source\repos\FasiledesGimb\FasiledesGimb\Fasil.cpp(551,31): warning C4305: 'argument': truncation from 'double' to 'GLfloat'
C:\Users\tilish\source\repos\FasiledesGimb\FasiledesGimb\Fasil.cpp(561,25): warning C4305: 'argument': truncation from 'double' to 'GLfloat'
C:\Users\tilish\source\repos\FasiledesGimb\FasiledesGimb\Fasil.cpp(572,25): warning C4305: 'argument': truncation from 'double' to 'GLfloat'
C:\Users\tilish\source\repos\FasiledesGimb\FasiledesGimb\Fasil.cpp(611,25): warning C4305: 'argument': truncation from 'double' to 'GLfloat'
C:\Users\tilish\source\repos\FasiledesGimb\FasiledesGimb\Fasil.cpp(624,25): warning C4305: 'argument': truncation from 'double' to 'GLfloat'
C:\Users\tilish\source\repos\FasiledesGimb\FasiledesGimb\Fasil.cpp(630,25): warning C4305: 'argument': truncation from 'double' to 'GLfloat'
C:\Users\tilish\source\repos\FasiledesGimb\FasiledesGimb\Fasil.cpp(637,25): warning C4305: 'argument': truncation from 'double' to 'GLfloat'
C:\Users\tilish\source\repos\FasiledesGimb\FasiledesGimb\Fasil.cpp(644,25): warning C4305: 'argument': truncation from 'double' to 'GLfloat'
C:\Users\tilish\source\repos\FasiledesGimb\FasiledesGimb\Fasil.cpp(651,31): warning C4305: 'argument': truncation from 'double' to 'GLfloat'
C:\Users\tilish\source\repos\FasiledesGimb\FasiledesGimb\Fasil.cpp(658,31): warning C4305: 'argument': truncation from 'double' to 'GLfloat'
C:\Users\tilish\source\repos\FasiledesGimb\FasiledesGimb\Fasil.cpp(664,32): warning C4305: 'argument': truncation from 'double' to 'GLfloat'
C:\Users\tilish\source\repos\FasiledesGimb\FasiledesGimb\Fasil.cpp(671,25): warning C4305: 'argument': truncation from 'double' to 'GLfloat'
C:\Users\tilish\source\repos\FasiledesGimb\FasiledesGimb\Fasil.cpp(678,31): warning C4305: 'argument': truncation from 'double' to 'GLfloat'
C:\Users\tilish\source\repos\FasiledesGimb\FasiledesGimb\Fasil.cpp(684,25): warning C4305: 'argument': truncation from 'double' to 'GLfloat'
C:\Users\tilish\source\repos\FasiledesGimb\FasiledesGimb\Fasil.cpp(690,31): warning C4305: 'argument': truncation from 'double' to 'GLfloat'
C:\Users\tilish\source\repos\FasiledesGimb\FasiledesGimb\Fasil.cpp(697,25): warning C4305: 'argument': truncation from 'double' to 'GLfloat'
C:\Users\tilish\source\repos\FasiledesGimb\FasiledesGimb\Fasil.cpp(704,25): warning C4305: 'argument': truncation from 'double' to 'GLfloat'
C:\Users\tilish\source\repos\FasiledesGimb\FasiledesGimb\Fasil.cpp(710,31): warning C4305: 'argument': truncation from 'double' to 'GLfloat'
C:\Users\tilish\source\repos\FasiledesGimb\FasiledesGimb\Fasil.cpp(717,25): warning C4305: 'argument': truncation from 'double' to 'GLfloat'
C:\Users\tilish\source\repos\FasiledesGimb\FasiledesGimb\Fasil.cpp(723,25): warning C4305: 'argument': truncation from 'double' to 'GLfloat'
C:\Users\tilish\source\repos\FasiledesGimb\FasiledesGimb\Fasil.cpp(729,31): warning C4305: 'argument': truncation from 'double' to 'GLfloat'
C:\Users\tilish\source\repos\FasiledesGimb\FasiledesGimb\Fasil.cpp(737,25): warning C4305: 'argument': truncation from 'double' to 'GLfloat'
C:\Users\tilish\source\repos\FasiledesGimb\FasiledesGimb\Fasil.cpp(743,25): warning C4305: 'argument': truncation from 'double' to 'GLfloat'
C:\Users\tilish\source\repos\FasiledesGimb\FasiledesGimb\Fasil.cpp(749,25): warning C4305: 'argument': truncation from 'double' to 'GLfloat'
C:\Users\tilish\source\repos\FasiledesGimb\FasiledesGimb\Fasil.cpp(755,25): warning C4305: 'argument': truncation from 'double' to 'GLfloat'
C:\Users\tilish\source\repos\FasiledesGimb\FasiledesGimb\Fasil.cpp(761,25): warning C4305: 'argument': truncation from 'double' to 'GLfloat'
C:\Users\tilish\source\repos\FasiledesGimb\FasiledesGimb\Fasil.cpp(767,25): warning C4305: 'argument': truncation from 'double' to 'GLfloat'
C:\Users\tilish\source\repos\FasiledesGimb\FasiledesGimb\Fasil.cpp(773,31): warning C4305: 'argument': truncation from 'double' to 'GLfloat'
C:\Users\tilish\source\repos\FasiledesGimb\FasiledesGimb\Fasil.cpp(779,25): warning C4305: 'argument': truncation from 'double' to 'GLfloat'
C:\Users\tilish\source\repos\FasiledesGimb\FasiledesGimb\Fasil.cpp(785,23): warning C4305: 'argument': truncation from 'double' to 'GLfloat'
C:\Users\tilish\source\repos\FasiledesGimb\FasiledesGimb\Fasil.cpp(793,25): warning C4305: 'argument': truncation from 'double' to 'GLfloat'
C:\Users\tilish\source\repos\FasiledesGimb\FasiledesGimb\Fasil.cpp(799,24): warning C4305: 'argument': truncation from 'double' to 'GLfloat'
C:\Users\tilish\source\repos\FasiledesGimb\FasiledesGimb\Fasil.cpp(807,25): warning C4305: 'argument': truncation from 'double' to 'GLfloat'
C:\Users\tilish\source\repos\FasiledesGimb\FasiledesGimb\Fasil.cpp(814,25): warning C4305: 'argument': truncation from 'double' to 'GLfloat'
C:\Users\tilish\source\repos\FasiledesGimb\FasiledesGimb\Fasil.cpp(821,31): warning C4305: 'argument': truncation from 'double' to 'GLfloat'
C:\Users\tilish\source\repos\FasiledesGimb\FasiledesGimb\Fasil.cpp(828,25): warning C4305: 'argument': truncation from 'double' to 'GLfloat'
C:\Users\tilish\source\repos\FasiledesGimb\FasiledesGimb\Fasil.cpp(836,25): warning C4305: 'argument': truncation from 'double' to 'GLfloat'
C:\Users\tilish\source\repos\FasiledesGimb\FasiledesGimb\Fasil.cpp(842,31): warning C4305: 'argument': truncation from 'double' to 'GLfloat'
C:\Users\tilish\source\repos\FasiledesGimb\FasiledesGimb\Fasil.cpp(848,25): warning C4305: 'argument': truncation from 'double' to 'GLfloat'
C:\Users\tilish\source\repos\FasiledesGimb\FasiledesGimb\Fasil.cpp(855,25): warning C4305: 'argument': truncation from 'double' to 'GLfloat'
C:\Users\tilish\source\repos\FasiledesGimb\FasiledesGimb\Fasil.cpp(861,31): warning C4305: 'argument': truncation from 'double' to 'GLfloat'
C:\Users\tilish\source\repos\FasiledesGimb\FasiledesGimb\Fasil.cpp(872,25): warning C4305: 'argument': truncation from 'double' to 'GLfloat'
C:\Users\tilish\source\repos\FasiledesGimb\FasiledesGimb\Fasil.cpp(878,25): warning C4305: 'argument': truncation from 'double' to 'GLfloat'
C:\Users\tilish\source\repos\FasiledesGimb\FasiledesGimb\Fasil.cpp(884,31): warning C4305: 'argument': truncation from 'double' to 'GLfloat'
C:\Users\tilish\source\repos\FasiledesGimb\FasiledesGimb\Fasil.cpp(890,31): warning C4305: 'argument': truncation from 'double' to 'GLfloat'
C:\Users\tilish\source\repos\FasiledesGimb\FasiledesGimb\Fasil.cpp(897,25): warning C4305: 'argument': truncation from 'double' to 'GLfloat'
C:\Users\tilish\source\repos\FasiledesGimb\FasiledesGimb\Fasil.cpp(903,31): warning C4305: 'argument': truncation from 'double' to 'GLfloat'
C:\Users\tilish\source\repos\FasiledesGimb\FasiledesGimb\Fasil.cpp(909,31): warning C4305: 'argument': truncation from 'double' to 'GLfloat'
C:\Users\tilish\source\repos\FasiledesGimb\FasiledesGimb\Fasil.cpp(915,31): warning C4305: 'argument': truncation from 'double' to 'GLfloat'
C:\Users\tilish\source\repos\FasiledesGimb\FasiledesGimb\Fasil.cpp(921,31): warning C4305: 'argument': truncation from 'double' to 'GLfloat'
C:\Users\tilish\source\repos\FasiledesGimb\FasiledesGimb\Fasil.cpp(927,31): warning C4305: 'argument': truncation from 'double' to 'GLfloat'
C:\Users\tilish\source\repos\FasiledesGimb\FasiledesGimb\Fasil.cpp(933,31): warning C4305: 'argument': truncation from 'double' to 'GLfloat'
C:\Users\tilish\source\repos\FasiledesGimb\FasiledesGimb\Fasil.cpp(939,31): warning C4305: 'argument': truncation from 'double' to 'GLfloat'
C:\Users\tilish\source\repos\FasiledesGimb\FasiledesGimb\Fasil.cpp(945,31): warning C4305: 'argument': truncation from 'double' to 'GLfloat'
C:\Users\tilish\source\repos\FasiledesGimb\FasiledesGimb\Fasil.cpp(952,31): warning C4305: 'argument': truncation from 'double' to 'GLfloat'
C:\Users\tilish\source\repos\FasiledesGimb\FasiledesGimb\Fasil.cpp(958,31): warning C4305: 'argument': truncation from 'double' to 'GLfloat'
C:\Users\tilish\source\repos\FasiledesGimb\FasiledesGimb\Fasil.cpp(964,31): warning C4305: 'argument': truncation from 'double' to 'GLfloat'
C:\Users\tilish\source\repos\FasiledesGimb\FasiledesGimb\Fasil.cpp(970,31): warning C4305: 'argument': truncation from 'double' to 'GLfloat'
C:\Users\tilish\source\repos\FasiledesGimb\FasiledesGimb\Fasil.cpp(976,31): warning C4305: 'argument': truncation from 'double' to 'GLfloat'
C:\Users\tilish\source\repos\FasiledesGimb\FasiledesGimb\Fasil.cpp(984,31): warning C4305: 'argument': truncation from 'double' to 'GLfloat'
C:\Users\tilish\source\repos\FasiledesGimb\FasiledesGimb\Fasil.cpp(990,31): warning C4305: 'argument': truncation from 'double' to 'GLfloat'
C:\Users\tilish\source\repos\FasiledesGimb\FasiledesGimb\Fasil.cpp(996,31): warning C4305: 'argument': truncation from 'double' to 'GLfloat'
C:\Users\tilish\source\repos\FasiledesGimb\FasiledesGimb\Fasil.cpp(1009,25): warning C4305: 'argument': truncation from 'double' to 'GLfloat'
C:\Users\tilish\source\repos\FasiledesGimb\FasiledesGimb\Fasil.cpp(1015,25): warning C4305: 'argument': truncation from 'double' to 'GLfloat'
C:\Users\tilish\source\repos\FasiledesGimb\FasiledesGimb\Fasil.cpp(1024,31): warning C4305: 'argument': truncation from 'double' to 'GLfloat'
C:\Users\tilish\source\repos\FasiledesGimb\FasiledesGimb\Fasil.cpp(1030,31): warning C4305: 'argument': truncation from 'double' to 'GLfloat'
C:\Users\tilish\source\repos\FasiledesGimb\FasiledesGimb\Fasil.cpp(1036,25): warning C4305: 'argument': truncation from 'double' to 'GLfloat'
C:\Users\tilish\source\repos\FasiledesGimb\FasiledesGimb\Fasil.cpp(1042,25): warning C4305: 'argument': truncation from 'double' to 'GLfloat'
C:\Users\tilish\source\repos\FasiledesGimb\FasiledesGimb\Fasil.cpp(1048,25): warning C4305: 'argument': truncation from 'double' to 'GLfloat'
C:\Users\tilish\source\repos\FasiledesGimb\FasiledesGimb\Fasil.cpp(1054,25): warning C4305: 'argument': truncation from 'double' to 'GLfloat'
C:\Users\tilish\source\repos\FasiledesGimb\FasiledesGimb\Fasil.cpp(1060,31): warning C4305: 'argument': truncation from 'double' to 'GLfloat'
C:\Users\tilish\source\repos\FasiledesGimb\FasiledesGimb\Fasil.cpp(1066,25): warning C4305: 'argument': truncation from 'double' to 'GLfloat'
C:\Users\tilish\source\repos\FasiledesGimb\FasiledesGimb\Fasil.cpp(1073,25): warning C4305: 'argument': truncation from 'double' to 'GLfloat'
C:\Users\tilish\source\repos\FasiledesGimb\FasiledesGimb\Fasil.cpp(1079,25): warning C4305: 'argument': truncation from 'double' to 'GLfloat'
C:\Users\tilish\source\repos\FasiledesGimb\FasiledesGimb\Fasil.cpp(1090,25): warning C4305: 'argument': truncation from 'double' to 'GLfloat'
C:\Users\tilish\source\repos\FasiledesGimb\FasiledesGimb\Fasil.cpp(1096,25): warning C4305: 'argument': truncation from 'double' to 'GLfloat'
C:\Users\tilish\source\repos\FasiledesGimb\FasiledesGimb\Fasil.cpp(1102,25): warning C4305: 'argument': truncation from 'double' to 'GLfloat'
C:\Users\tilish\source\repos\FasiledesGimb\FasiledesGimb\Fasil.cpp(1108,25): warning C4305: 'argument': truncation from 'double' to 'GLfloat'
C:\Users\tilish\source\repos\FasiledesGimb\FasiledesGimb\Fasil.cpp(1115,25): warning C4305: 'argument': truncation from 'double' to 'GLfloat'
C:\Users\tilish\source\repos\FasiledesGimb\FasiledesGimb\Fasil.cpp(1121,25): warning C4305: 'argument': truncation from 'double' to 'GLfloat'
C:\Users\tilish\source\repos\FasiledesGimb\FasiledesGimb\Fasil.cpp(1127,25): warning C4305: 'argument': truncation from 'double' to 'GLfloat'
C:\Users\tilish\source\repos\FasiledesGimb\FasiledesGimb\Fasil.cpp(1133,25): warning C4305: 'argument': truncation from 'double' to 'GLfloat'
C:\Users\tilish\source\repos\FasiledesGimb\FasiledesGimb\Fasil.cpp(1140,25): warning C4305: 'argument': truncation from 'double' to 'GLfloat'
C:\Users\tilish\source\repos\FasiledesGimb\FasiledesGimb\Fasil.cpp(1146,25): warning C4305: 'argument': truncation from 'double' to 'GLfloat'
C:\Users\tilish\source\repos\FasiledesGimb\FasiledesGimb\Fasil.cpp(1152,25): warning C4305: 'argument': truncation from 'double' to 'GLfloat'
C:\Users\tilish\source\repos\FasiledesGimb\FasiledesGimb\Fasil.cpp(1158,25): warning C4305: 'argument': truncation from 'double' to 'GLfloat'
C:\Users\tilish\source\repos\FasiledesGimb\FasiledesGimb\Fasil.cpp(1164,25): warning C4305: 'argument': truncation from 'double' to 'GLfloat'
C:\Users\tilish\source\repos\FasiledesGimb\FasiledesGimb\Fasil.cpp(1170,25): warning C4305: 'argument': truncation from 'double' to 'GLfloat'
C:\Users\tilish\source\repos\FasiledesGimb\FasiledesGimb\Fasil.cpp(1176,25): warning C4305: 'argument': truncation from 'double' to 'GLfloat'
C:\Users\tilish\source\repos\FasiledesGimb\FasiledesGimb\Fasil.cpp(1182,25): warning C4305: 'argument': truncation from 'double' to 'GLfloat'
C:\Users\tilish\source\repos\FasiledesGimb\FasiledesGimb\Fasil.cpp(1188,25): warning C4305: 'argument': truncation from 'double' to 'GLfloat'
C:\Users\tilish\source\repos\FasiledesGimb\FasiledesGimb\Fasil.cpp(1194,25): warning C4305: 'argument': truncation from 'double' to 'GLfloat'
C:\Users\tilish\source\repos\FasiledesGimb\FasiledesGimb\Fasil.cpp(1200,25): warning C4305: 'argument': truncation from 'double' to 'GLfloat'
C:\Users\tilish\source\repos\FasiledesGimb\FasiledesGimb\Fasil.cpp(1209,25): warning C4305: 'argument': truncation from 'double' to 'GLfloat'
C:\Users\tilish\source\repos\FasiledesGimb\FasiledesGimb\Fasil.cpp(1214,15): warning C4244: 'initializing': conversion from 'double' to 'float', possible loss of data
C:\Users\tilish\source\repos\FasiledesGimb\FasiledesGimb\Fasil.cpp(1216,11): warning C4244: 'initializing': conversion from 'double' to 'float', possible loss of data
C:\Users\tilish\source\repos\FasiledesGimb\FasiledesGimb\Fasil.cpp(1224,25): warning C4305: 'argument': truncation from 'double' to 'GLfloat'
C:\Users\tilish\source\repos\FasiledesGimb\FasiledesGimb\Fasil.cpp(1229,15): warning C4244: 'initializing': conversion from 'double' to 'float', possible loss of data
C:\Users\tilish\source\repos\FasiledesGimb\FasiledesGimb\Fasil.cpp(1231,11): warning C4244: 'initializing': conversion from 'double' to 'float', possible loss of data
C:\Users\tilish\source\repos\FasiledesGimb\FasiledesGimb\Fasil.cpp(1240,25): warning C4305: 'argument': truncation from 'double' to 'GLfloat'
C:\Users\tilish\source\repos\FasiledesGimb\FasiledesGimb\Fasil.cpp(1245,15): warning C4244: 'initializing': conversion from 'double' to 'float', possible loss of data
C:\Users\tilish\source\repos\FasiledesGimb\FasiledesGimb\Fasil.cpp(1247,11): warning C4244: 'initializing': conversion from 'double' to 'float', possible loss of data
C:\Users\tilish\source\repos\FasiledesGimb\FasiledesGimb\Fasil.cpp(1255,25): warning C4305: 'argument': truncation from 'double' to 'GLfloat'
C:\Users\tilish\source\repos\FasiledesGimb\FasiledesGimb\Fasil.cpp(1268,25): warning C4305: 'argument': truncation from 'double' to 'GLfloat'
C:\Users\tilish\source\repos\FasiledesGimb\FasiledesGimb\Fasil.cpp(1286,25): warning C4305: 'argument': truncation from 'double' to 'GLfloat'
C:\Users\tilish\source\repos\FasiledesGimb\FasiledesGimb\Fasil.cpp(1292,25): warning C4305: 'argument': truncation from 'double' to 'GLfloat'
C:\Users\tilish\source\repos\FasiledesGimb\FasiledesGimb\Fasil.cpp(1324,25): warning C4305: 'argument': truncation from 'double' to 'GLfloat'
C:\Users\tilish\source\repos\FasiledesGimb\FasiledesGimb\Fasil.cpp(1368,22): warning C4305: 'argument': truncation from 'double' to 'GLfloat'
C:\Users\tilish\source\repos\FasiledesGimb\FasiledesGimb\Fasil.cpp(1369,32): warning C4305: 'argument': truncation from 'double' to 'GLfloat'
C:\Users\tilish\source\repos\FasiledesGimb\FasiledesGimb\Fasil.cpp(1371,25): warning C4305: 'argument': truncation from 'double' to 'GLfloat'
C:\Users\tilish\source\repos\FasiledesGimb\FasiledesGimb\Fasil.cpp(1379,32): warning C4305: 'argument': truncation from 'double' to 'GLfloat'
C:\Users\tilish\source\repos\FasiledesGimb\FasiledesGimb\Fasil.cpp(1386,22): warning C4305: 'argument': truncation from 'double' to 'GLfloat'
C:\Users\tilish\source\repos\FasiledesGimb\FasiledesGimb\Fasil.cpp(1388,21): warning C4305: 'argument': truncation from 'double' to 'GLfloat'
C:\Users\tilish\source\repos\FasiledesGimb\FasiledesGimb\Fasil.cpp(1394,31): warning C4305: 'argument': truncation from 'double' to 'GLfloat'
C:\Users\tilish\source\repos\FasiledesGimb\FasiledesGimb\Fasil.cpp(1400,31): warning C4305: 'argument': truncation from 'double' to 'GLfloat'
C:\Users\tilish\source\repos\FasiledesGimb\FasiledesGimb\Fasil.cpp(1406,31): warning C4305: 'argument': truncation from 'double' to 'GLfloat'
C:\Users\tilish\source\repos\FasiledesGimb\FasiledesGimb\Fasil.cpp(1412,31): warning C4305: 'argument': truncation from 'double' to 'GLfloat'
C:\Users\tilish\source\repos\FasiledesGimb\FasiledesGimb\Fasil.cpp(1425,22): warning C4305: 'argument': truncation from 'double' to 'GLfloat'
C:\Users\tilish\source\repos\FasiledesGimb\FasiledesGimb\Fasil.cpp(1426,32): warning C4305: 'argument': truncation from 'double' to 'GLfloat'
C:\Users\tilish\source\repos\FasiledesGimb\FasiledesGimb\Fasil.cpp(1428,25): warning C4305: 'argument': truncation from 'double' to 'GLfloat'
C:\Users\tilish\source\repos\FasiledesGimb\FasiledesGimb\Fasil.cpp(1435,32): warning C4305: 'argument': truncation from 'double' to 'GLfloat'
C:\Users\tilish\source\repos\FasiledesGimb\FasiledesGimb\Fasil.cpp(1442,22): warning C4305: 'argument': truncation from 'double' to 'GLfloat'
C:\Users\tilish\source\repos\FasiledesGimb\FasiledesGimb\Fasil.cpp(1444,21): warning C4305: 'argument': truncation from 'double' to 'GLfloat'
C:\Users\tilish\source\repos\FasiledesGimb\FasiledesGimb\Fasil.cpp(1450,31): warning C4305: 'argument': truncation from 'double' to 'GLfloat'
C:\Users\tilish\source\repos\FasiledesGimb\FasiledesGimb\Fasil.cpp(1456,31): warning C4305: 'argument': truncation from 'double' to 'GLfloat'
C:\Users\tilish\source\repos\FasiledesGimb\FasiledesGimb\Fasil.cpp(1462,31): warning C4305: 'argument': truncation from 'double' to 'GLfloat'
C:\Users\tilish\source\repos\FasiledesGimb\FasiledesGimb\Fasil.cpp(1468,31): warning C4305: 'argument': truncation from 'double' to 'GLfloat'
C:\Users\tilish\source\repos\FasiledesGimb\FasiledesGimb\Fasil.cpp(1481,24): warning C4305: 'argument': truncation from 'double' to 'GLfloat'
C:\Users\tilish\source\repos\FasiledesGimb\FasiledesGimb\Fasil.cpp(1487,30): warning C4305: 'argument': truncation from 'double' to 'GLfloat'
C:\Users\tilish\source\repos\FasiledesGimb\FasiledesGimb\Fasil.cpp(1493,30): warning C4305: 'argument': truncation from 'double' to 'GLfloat'
C:\Users\tilish\source\repos\FasiledesGimb\FasiledesGimb\Fasil.cpp(1499,30): warning C4305: 'argument': truncation from 'double' to 'GLfloat'
C:\Users\tilish\source\repos\FasiledesGimb\FasiledesGimb\Fasil.cpp(1505,30): warning C4305: 'argument': truncation from 'double' to 'GLfloat'
C:\Users\tilish\source\repos\FasiledesGimb\FasiledesGimb\Fasil.cpp(1511,30): warning C4305: 'argument': truncation from 'double' to 'GLfloat'
C:\Users\tilish\source\repos\FasiledesGimb\FasiledesGimb\Fasil.cpp(1517,30): warning C4305: 'argument': truncation from 'double' to 'GLfloat'
C:\Users\tilish\source\repos\FasiledesGimb\FasiledesGimb\Fasil.cpp(1523,30): warning C4305: 'argument': truncation from 'double' to 'GLfloat'
C:\Users\tilish\source\repos\FasiledesGimb\FasiledesGimb\Fasil.cpp(1529,30): warning C4305: 'argument': truncation from 'double' to 'GLfloat'
C:\Users\tilish\source\repos\FasiledesGimb\FasiledesGimb\Fasil.cpp(1535,30): warning C4305: 'argument': truncation from 'double' to 'GLfloat'
C:\Users\tilish\source\repos\FasiledesGimb\FasiledesGimb\Fasil.cpp(1541,30): warning C4305: 'argument': truncation from 'double' to 'GLfloat'
C:\Users\tilish\source\repos\FasiledesGimb\FasiledesGimb\Fasil.cpp(1546,24): warning C4305: 'argument': truncation from 'double' to 'GLfloat'
C:\Users\tilish\source\repos\FasiledesGimb\FasiledesGimb\Fasil.cpp(1552,30): warning C4305: 'argument': truncation from 'double' to 'GLfloat'
C:\Users\tilish\source\repos\FasiledesGimb\FasiledesGimb\Fasil.cpp(1558,30): warning C4305: 'argument': truncation from 'double' to 'GLfloat'
C:\Users\tilish\source\repos\FasiledesGimb\FasiledesGimb\Fasil.cpp(1565,25): warning C4305: 'argument': truncation from 'double' to 'GLfloat'
C:\Users\tilish\source\repos\FasiledesGimb\FasiledesGimb\Fasil.cpp(1577,31): warning C4305: 'argument': truncation from 'double' to 'GLfloat'
C:\Users\tilish\source\repos\FasiledesGimb\FasiledesGimb\Fasil.cpp(1589,30): warning C4305: 'argument': truncation from 'double' to 'GLfloat'
C:\Users\tilish\source\repos\FasiledesGimb\FasiledesGimb\Fasil.cpp(1595,24): warning C4305: 'argument': truncation from 'double' to 'GLfloat'
C:\Users\tilish\source\repos\FasiledesGimb\FasiledesGimb\Fasil.cpp(1601,30): warning C4305: 'argument': truncation from 'double' to 'GLfloat'
C:\Users\tilish\source\repos\FasiledesGimb\FasiledesGimb\Fasil.cpp(1607,24): warning C4305: 'argument': truncation from 'double' to 'GLfloat'
C:\Users\tilish\source\repos\FasiledesGimb\FasiledesGimb\Fasil.cpp(1614,31): warning C4305: 'argument': truncation from 'double' to 'GLfloat'
C:\Users\tilish\source\repos\FasiledesGimb\FasiledesGimb\Fasil.cpp(1621,31): warning C4305: 'argument': truncation from 'double' to 'GLfloat'
C:\Users\tilish\source\repos\FasiledesGimb\FasiledesGimb\Fasil.cpp(1627,31): warning C4305: 'argument': truncation from 'double' to 'GLfloat'
  FasiledesGimb.vcxproj -> C:\Users\tilish\source\repos\FasiledesGimb\Debug\FasiledesGimb.exe
